<?xml version="1.0" encoding="UTF-8"?>
<!-- Generated by org.testng.reporters.JUnitXMLReporter -->
<testsuite hostname="Parvez-Home" ignored="1" name="Command line test" tests="8" failures="0" timestamp="12 Mar 2018 13:07:14 GMT" time="115.208" errors="0">
  <testcase name="verifyContactsPageLabel" time="0.076" classname="com.crm.qa.testcases.ContactsPageTest"/>
  <testcase name="verifyHomePageTitle" time="0.01" classname="com.crm.qa.testcases.HomePageTest"/>
  <testcase name="loginPageTitleTest" time="0.013" classname="com.crm.qa.testcases.LoginPageTest"/>
  <testcase name="selectContactsTest" time="0.073" classname="com.crm.qa.testcases.ContactsPageTest"/>
  <testcase name="userNameTest" time="0.08" classname="com.crm.qa.testcases.HomePageTest"/>
  <testcase name="crmLogoTest" time="0.046" classname="com.crm.qa.testcases.LoginPageTest"/>
  <testcase name="contactsPageTest" time="0.627" classname="com.crm.qa.testcases.HomePageTest"/>
  <testcase name="loginTest" time="5.424" classname="com.crm.qa.testcases.LoginPageTest"/>
  <testcase name="validateCreateNewContacts" time="0.0" classname="com.crm.qa.testcases.ContactsPageTest">
    <ignored/>
  </testcase> <!-- validateCreateNewContacts -->
</testsuite> <!-- Command line test -->
